This is pdfTeX, Version 3.1415926-2.5-1.40.14 (TeX Live 2013/Debian) (format=pdflatex 2015.2.5)  7 FEB 2015 17:54
entering extended mode
 restricted \write18 enabled.
 %&-line parsing enabled.
**report.tex
(./report.tex
LaTeX2e <2011/06/27>
Babel <3.9h> and hyphenation patterns for 78 languages loaded.
(/usr/share/texlive/texmf-dist/tex/latex/base/article.cls
Document Class: article 2007/10/19 v1.4h Standard LaTeX document class
(/usr/share/texlive/texmf-dist/tex/latex/base/size10.clo
File: size10.clo 2007/10/19 v1.4h Standard LaTeX file (size option)
)
\c@part=\count79
\c@section=\count80
\c@subsection=\count81
\c@subsubsection=\count82
\c@paragraph=\count83
\c@subparagraph=\count84
\c@figure=\count85
\c@table=\count86
\abovecaptionskip=\skip41
\belowcaptionskip=\skip42
\bibindent=\dimen102
)
(/usr/share/texlive/texmf-dist/tex/latex/graphics/graphicx.sty
Package: graphicx 1999/02/16 v1.0f Enhanced LaTeX Graphics (DPC,SPQR)

(/usr/share/texlive/texmf-dist/tex/latex/graphics/keyval.sty
Package: keyval 1999/03/16 v1.13 key=value parser (DPC)
\KV@toks@=\toks14
)
(/usr/share/texlive/texmf-dist/tex/latex/graphics/graphics.sty
Package: graphics 2009/02/05 v1.0o Standard LaTeX Graphics (DPC,SPQR)

(/usr/share/texlive/texmf-dist/tex/latex/graphics/trig.sty
Package: trig 1999/03/16 v1.09 sin cos tan (DPC)
)
(/usr/share/texlive/texmf-dist/tex/latex/latexconfig/graphics.cfg
File: graphics.cfg 2010/04/23 v1.9 graphics configuration of TeX Live
)
Package graphics Info: Driver file: pdftex.def on input line 91.

(/usr/share/texlive/texmf-dist/tex/latex/pdftex-def/pdftex.def
File: pdftex.def 2011/05/27 v0.06d Graphics/color for pdfTeX

(/usr/share/texlive/texmf-dist/tex/generic/oberdiek/infwarerr.sty
Package: infwarerr 2010/04/08 v1.3 Providing info/warning/error messages (HO)
)
(/usr/share/texlive/texmf-dist/tex/generic/oberdiek/ltxcmds.sty
Package: ltxcmds 2011/11/09 v1.22 LaTeX kernel commands for general use (HO)
)
\Gread@gobject=\count87
))
\Gin@req@height=\dimen103
\Gin@req@width=\dimen104
)
(/usr/share/texlive/texmf-dist/tex/latex/biblatex/biblatex.sty
Package: biblatex 2013/11/25 v2.8a programmable bibliographies (PK/JW/AB)

(/usr/share/texlive/texmf-dist/tex/latex/biblatex/biblatex1.sty
Package: biblatex1 2013/11/25 v2.8a programmable bibliographies (bibtex) (PK/JW
/AB)

(/usr/share/texlive/texmf-dist/tex/latex/etoolbox/etoolbox.sty
Package: etoolbox 2011/01/03 v2.1 e-TeX tools for LaTeX

(/usr/share/texlive/texmf-dist/tex/latex/etex-pkg/etex.sty
Package: etex 1998/03/26 v2.0 eTeX basic definition package (PEB)
\et@xins=\count88
)
\etb@tempcnta=\count89
)
(/usr/share/texlive/texmf-dist/tex/latex/logreq/logreq.sty
Package: logreq 2010/08/04 v1.0 xml request logger
\lrq@indent=\count90

(/usr/share/texlive/texmf-dist/tex/latex/logreq/logreq.def
File: logreq.def 2010/08/04 v1.0 logreq spec v1.0
))
(/usr/share/texlive/texmf-dist/tex/latex/base/ifthen.sty
Package: ifthen 2001/05/26 v1.1c Standard LaTeX ifthen package (DPC)
)
(/usr/share/texlive/texmf-dist/tex/latex/url/url.sty
\Urlmuskip=\muskip10
Package: url 2013/09/16  ver 3.4  Verb mode for urls, etc.
)
\c@tabx@nest=\count91
\c@listtotal=\count92
\c@listcount=\count93
\c@liststart=\count94
\c@liststop=\count95
\c@citecount=\count96
\c@citetotal=\count97
\c@multicitecount=\count98
\c@multicitetotal=\count99
\c@instcount=\count100
\c@maxnames=\count101
\c@minnames=\count102
\c@maxitems=\count103
\c@minitems=\count104
\c@citecounter=\count105
\c@savedcitecounter=\count106
\c@uniquelist=\count107
\c@uniquename=\count108
\c@refsection=\count109
\c@refsegment=\count110
\c@maxextrayear=\count111
\c@maxextraalpha=\count112
\c@abbrvpenalty=\count113
\c@highnamepenalty=\count114
\c@lownamepenalty=\count115
\c@maxparens=\count116
\c@parenlevel=\count117
\blx@tempcnta=\count118
\blx@tempcntb=\count119
\blx@tempcntc=\count120
\blx@maxsection=\count121
\blx@maxsegment=\count122
\blx@notetype=\count123
\blx@parenlevel@text=\count124
\blx@parenlevel@foot=\count125
\labelnumberwidth=\skip43
\labelalphawidth=\skip44
\shorthandwidth=\skip45
\biblabelsep=\skip46
\bibitemsep=\skip47
\bibnamesep=\skip48
\bibinitsep=\skip49
\bibparsep=\skip50
\bibhang=\skip51
\blx@auxin=\read1
\blx@auxout=\write3
\c@mincomprange=\count126
\c@maxcomprange=\count127
\c@mincompwidth=\count128
\c@labelname=\count129
\c@savedlabelname=\count130
\c@author=\count131
\c@savedauthor=\count132
\c@shortauthor=\count133
\c@savedshortauthor=\count134
\c@editor=\count135
\c@savededitor=\count136
\c@editora=\count137
\c@savededitora=\count138
\c@editorb=\count139
\c@savededitorb=\count140
\c@editorc=\count141
\c@savededitorc=\count142
\c@shorteditor=\count143
\c@savedshorteditor=\count144
\c@bookauthor=\count145
\c@savedbookauthor=\count146
\c@translator=\count147
\c@savedtranslator=\count148
\c@annotator=\count149
\c@savedannotator=\count150
\c@commentator=\count151
\c@savedcommentator=\count152
\c@introduction=\count153
\c@savedintroduction=\count154
\c@foreword=\count155
\c@savedforeword=\count156
\c@afterword=\count157
\c@savedafterword=\count158
\c@holder=\count159
\c@savedholder=\count160
\c@namea=\count161
\c@savednamea=\count162
\c@nameb=\count163
\c@savednameb=\count164
\c@namec=\count165
\c@savednamec=\count166
\c@institution=\count167
\c@savedinstitution=\count168
\c@language=\count169
\c@savedlanguage=\count170
\c@location=\count171
\c@savedlocation=\count172
\c@organization=\count173
\c@savedorganization=\count174
\c@origlocation=\count175
\c@savedoriglocation=\count176
\c@origpublisher=\count177
\c@savedorigpublisher=\count178
\c@pageref=\count179
\c@savedpageref=\count180
\c@publisher=\count181
\c@savedpublisher=\count182
\c@lista=\count183
\c@savedlista=\count184
\c@listb=\count185
\c@savedlistb=\count186
\c@listc=\count187
\c@savedlistc=\count188
\c@listd=\count189
\c@savedlistd=\count190
\c@liste=\count191
\c@savedliste=\count192
\c@listf=\count193
\c@savedlistf=\count194
Package biblatex Info: Trying to load compatibility code...
Package biblatex Info: ... file 'blx-compat.def' found.

(/usr/share/texlive/texmf-dist/tex/latex/biblatex/blx-compat.def
File: blx-compat.def 2013/11/25 v2.8a biblatex compatibility (PK/JW/AB)
)
Package biblatex Info: Trying to load generic definitions...
Package biblatex Info: ... file 'biblatex.def' found.

(/usr/share/texlive/texmf-dist/tex/latex/biblatex/biblatex.def
File: biblatex.def 
\c@textcitecount=\count195
\c@textcitetotal=\count196
\c@textcitemaxnames=\count197
\c@biburlnumpenalty=\count198
\c@biburlucpenalty=\count199
\c@biburllcpenalty=\count200
\c@smartand=\count201
)
Package biblatex Info: Trying to load bibliography style 'numeric'...
Package biblatex Info: ... file 'numeric.bbx' found.

(/usr/share/texlive/texmf-dist/tex/latex/biblatex/bbx/numeric.bbx
File: numeric.bbx 2013/11/25 v2.8a biblatex bibliography style (PK/JW/AB)
Package biblatex Info: Trying to load bibliography style 'standard'...
Package biblatex Info: ... file 'standard.bbx' found.

(/usr/share/texlive/texmf-dist/tex/latex/biblatex/bbx/standard.bbx
File: standard.bbx 2013/11/25 v2.8a biblatex bibliography style (PK/JW/AB)
\c@bbx:relatedcount=\count202
\c@bbx:relatedtotal=\count203
))
Package biblatex Info: Trying to load citation style 'numeric'...
Package biblatex Info: ... file 'numeric.cbx' found.

(/usr/share/texlive/texmf-dist/tex/latex/biblatex/cbx/numeric.cbx
File: numeric.cbx 2013/11/25 v2.8a biblatex citation style (PK/JW/AB)
Package biblatex Info: Redefining '\cite'.
Package biblatex Info: Redefining '\parencite'.
Package biblatex Info: Redefining '\footcite'.
Package biblatex Info: Redefining '\footcitetext'.
Package biblatex Info: Redefining '\smartcite'.
Package biblatex Info: Redefining '\supercite'.
Package biblatex Info: Redefining '\textcite'.
Package biblatex Info: Redefining '\textcites'.
Package biblatex Info: Redefining '\cites'.
Package biblatex Info: Redefining '\parencites'.
Package biblatex Info: Redefining '\smartcites'.
)
Package biblatex Info: Trying to load configuration file...
Package biblatex Info: ... file 'biblatex.cfg' found.

(/usr/share/texlive/texmf-dist/tex/latex/biblatex/biblatex.cfg
File: biblatex.cfg 
)))
Package biblatex Info: Trying to load language 'english'...
Package biblatex Info: ... file 'english.lbx' found.

(/usr/share/texlive/texmf-dist/tex/latex/biblatex/lbx/english.lbx
File: english.lbx 2013/11/25 v2.8a biblatex localization (PK/JW/AB)
)
\@quotelevel=\count204
\@quotereset=\count205

(./report.aux)
\openout1 = `report.aux'.

LaTeX Font Info:    Checking defaults for OML/cmm/m/it on input line 17.
LaTeX Font Info:    ... okay on input line 17.
LaTeX Font Info:    Checking defaults for T1/cmr/m/n on input line 17.
LaTeX Font Info:    ... okay on input line 17.
LaTeX Font Info:    Checking defaults for OT1/cmr/m/n on input line 17.
LaTeX Font Info:    ... okay on input line 17.
LaTeX Font Info:    Checking defaults for OMS/cmsy/m/n on input line 17.
LaTeX Font Info:    ... okay on input line 17.
LaTeX Font Info:    Checking defaults for OMX/cmex/m/n on input line 17.
LaTeX Font Info:    ... okay on input line 17.
LaTeX Font Info:    Checking defaults for U/cmr/m/n on input line 17.
LaTeX Font Info:    ... okay on input line 17.
 (/usr/share/texlive/texmf-dist/tex/context/base/supp-pdf.mkii
[Loading MPS to PDF converter (version 2006.09.02).]
\scratchcounter=\count206
\scratchdimen=\dimen105
\scratchbox=\box26
\nofMPsegments=\count207
\nofMParguments=\count208
\everyMPshowfont=\toks15
\MPscratchCnt=\count209
\MPscratchDim=\dimen106
\MPnumerator=\count210
\makeMPintoPDFobject=\count211
\everyMPtoPDFconversion=\toks16
) (/usr/share/texlive/texmf-dist/tex/generic/oberdiek/pdftexcmds.sty
Package: pdftexcmds 2011/11/29 v0.20 Utility functions of pdfTeX for LuaTeX (HO
)

(/usr/share/texlive/texmf-dist/tex/generic/oberdiek/ifluatex.sty
Package: ifluatex 2010/03/01 v1.3 Provides the ifluatex switch (HO)
Package ifluatex Info: LuaTeX not detected.
)
(/usr/share/texlive/texmf-dist/tex/generic/oberdiek/ifpdf.sty
Package: ifpdf 2011/01/30 v2.3 Provides the ifpdf switch (HO)
Package ifpdf Info: pdfTeX in PDF mode is detected.
)
Package pdftexcmds Info: LuaTeX not detected.
Package pdftexcmds Info: \pdf@primitive is available.
Package pdftexcmds Info: \pdf@ifprimitive is available.
Package pdftexcmds Info: \pdfdraftmode found.
)
(/usr/share/texlive/texmf-dist/tex/latex/oberdiek/epstopdf-base.sty
Package: epstopdf-base 2010/02/09 v2.5 Base part for package epstopdf

(/usr/share/texlive/texmf-dist/tex/latex/oberdiek/grfext.sty
Package: grfext 2010/08/19 v1.1 Manage graphics extensions (HO)

(/usr/share/texlive/texmf-dist/tex/generic/oberdiek/kvdefinekeys.sty
Package: kvdefinekeys 2011/04/07 v1.3 Define keys (HO)
))
(/usr/share/texlive/texmf-dist/tex/latex/oberdiek/kvoptions.sty
Package: kvoptions 2011/06/30 v3.11 Key value format for package options (HO)

(/usr/share/texlive/texmf-dist/tex/generic/oberdiek/kvsetkeys.sty
Package: kvsetkeys 2012/04/25 v1.16 Key value parser (HO)

(/usr/share/texlive/texmf-dist/tex/generic/oberdiek/etexcmds.sty
Package: etexcmds 2011/02/16 v1.5 Avoid name clashes with e-TeX commands (HO)
Package etexcmds Info: Could not find \expanded.
(etexcmds)             That can mean that you are not using pdfTeX 1.50 or
(etexcmds)             that some package has redefined \expanded.
(etexcmds)             In the latter case, load this package earlier.
)))
Package grfext Info: Graphics extension search list:
(grfext)             [.png,.pdf,.jpg,.mps,.jpeg,.jbig2,.jb2,.PNG,.PDF,.JPG,.JPE
G,.JBIG2,.JB2,.eps]
(grfext)             \AppendGraphicsExtensions on input line 452.

(/usr/share/texlive/texmf-dist/tex/latex/latexconfig/epstopdf-sys.cfg
File: epstopdf-sys.cfg 2010/07/13 v1.3 Configuration of (r)epstopdf for TeX Liv
e
))
Package biblatex Info: No input encoding detected.
(biblatex)             Assuming 'ascii'.
Package biblatex Info: Automatic encoding selection.
(biblatex)             Assuming data encoding 'ascii'.
\openout3 = `report-blx.bib'.

Package biblatex Info: Trying to load bibliographic data...
Package biblatex Info: ... file 'report.bbl' found.

(./report.bbl

Package biblatex Warning: BibTeX reported the following issues
(biblatex)                with 'patent:4085440':
(biblatex)                - Invalid format of field 'month'.

)
Package biblatex Info: Reference section=0 on input line 17.
Package biblatex Info: Reference segment=0 on input line 17.
 <images/uva.png, id=1, 144.7809pt x 144.7809pt>
File: images/uva.png Graphic file (type png)
 <use images/uva.png>
Package pdftex.def Info: images/uva.png used on input line 29.
(pdftex.def)             Requested size: 144.78053pt x 144.78053pt.
LaTeX Font Info:    External font `cmex10' loaded for size
(Font)              <7> on input line 36.
LaTeX Font Info:    External font `cmex10' loaded for size
(Font)              <5> on input line 36.
 [1

{/var/lib/texmf/fonts/map/pdftex/updmap/pdftex.map} <./images/uva.png (PNG copy
)>]
Overfull \hbox (15.05838pt too wide) in paragraph at lines 54--55
[]\OT1/cmr/m/n/9 Some low-cost, easy-to-implement en-hance-ments on the distanc
e-bounding
 []

[1] [2] (./report.toc)
\tf@toc=\write4
\openout4 = `report.toc'.

 [3]

LaTeX Warning: Reference `sec:rq1' on page 4 undefined on input line 104.


LaTeX Warning: Reference `sec:rq2' on page 4 undefined on input line 104.

[4]
Underfull \hbox (badness 10000) in paragraph at lines 141--142

 []


Underfull \hbox (badness 10000) in paragraph at lines 143--144

 []

[5]
Underfull \hbox (badness 10000) in paragraph at lines 151--152

 []


Underfull \hbox (badness 10000) in paragraph at lines 153--154

 []

[6] [7] <images/dbounding.png, id=37, 526.21594pt x 138.5175pt>
File: images/dbounding.png Graphic file (type png)

<use images/dbounding.png>
Package pdftex.def Info: images/dbounding.png used on input line 224.
(pdftex.def)             Requested size: 345.0pt x 90.81944pt.
 [8 <./images/dbounding.png>]
LaTeX Font Info:    External font `cmex10' loaded for size
(Font)              <8> on input line 243.
LaTeX Font Info:    External font `cmex10' loaded for size
(Font)              <6> on input line 243.

Underfull \hbox (badness 10000) in paragraph at lines 257--257
[][]$\OT1/cmtt/m/n/8 http : / / www . microwaves101 . com / encyclopedia / Navy
handbook / 4 .
 []

[9] <images/attack1.png, id=51, 1061.9675pt x 521.95pt>
File: images/attack1.png Graphic file (type png)

<use images/attack1.png>
Package pdftex.def Info: images/attack1.png used on input line 311.
(pdftex.def)             Requested size: 276.00105pt x 135.656pt.


LaTeX Warning: `!h' float specifier changed to `!ht'.

[10]
Overfull \hbox (8.61185pt too wide) in paragraph at lines 334--335
[]\OT1/cmr/m/n/10 Although the in-tro-duc-tion of these dis-tance bound-ing pro
-to-cols on au-tonomous
 []

[11 <./images/attack1.png>]
<images/amazonprimedrone.png, id=58, 995.72pt x 560.0925pt>
File: images/amazonprimedrone.png Graphic file (type png)

<use images/amazonprimedrone.png>
Package pdftex.def Info: images/amazonprimedrone.png used on input line 344.
(pdftex.def)             Requested size: 207.0021pt x 116.43495pt.

Overfull \hbox (30.80536pt too wide) in paragraph at lines 354--354
[][]$\OT1/cmtt/m/n/8 http : / / abcnews . go . com / Technology / amazon-[]prim
e-[]air-[]delivery-[]drones-[]arrive-[]early-[]2015 /
 []

[12 <./images/amazonprimedrone.png>]
<images/attack2.png, id=63, 1061.9675pt x 650.43pt>
File: images/attack2.png Graphic file (type png)
 <use images/attack2.png>
Package pdftex.def Info: images/attack2.png used on input line 363.
(pdftex.def)             Requested size: 276.00105pt x 169.04826pt.

[13 <./images/attack2.png>]
<images/attack3.png, id=67, 670.75594pt x 353.06906pt>
File: images/attack3.png Graphic file (type png)

<use images/attack3.png>
Package pdftex.def Info: images/attack3.png used on input line 416.
(pdftex.def)             Requested size: 276.00105pt x 145.27643pt.


LaTeX Warning: `!h' float specifier changed to `!ht'.

[14] <images/attack4.png, id=71, 627.84563pt x 291.33844pt>
File: images/attack4.png Graphic file (type png)

<use images/attack4.png>
Package pdftex.def Info: images/attack4.png used on input line 431.
(pdftex.def)             Requested size: 276.00105pt x 128.06927pt.
 [15 <./images/attack3.png> <./images/attack4.png>]
Missing character: There is no â in font cmti10!
Missing character: There is no € in font cmti10!
Missing character: There is no ” in font cmti10!
Missing character: There is no â in font cmti10!
Missing character: There is no € in font cmti10!
Missing character: There is no ™ in font cmti10!

[16] [17] [18] (./report.aux)

LaTeX Warning: There were undefined references.

Package logreq Info: Writing requests to 'report.run.xml'.
\openout1 = `report.run.xml'.

 ) 
Here is how much of TeX's memory you used:
 6535 strings out of 493304
 107578 string characters out of 6139872
 266795 words of memory out of 5000000
 9929 multiletter control sequences out of 15000+600000
 9821 words of font info for 35 fonts, out of 8000000 for 9000
 957 hyphenation exceptions out of 8191
 38i,8n,57p,1008b,935s stack positions out of 5000i,500n,10000p,200000b,80000s
</usr/share/texlive/texmf-dist/fonts/type1/public/amsfonts/cm/cmbx10.pfb></us
r/share/texlive/texmf-dist/fonts/type1/public/amsfonts/cm/cmbx12.pfb></usr/shar
e/texlive/texmf-dist/fonts/type1/public/amsfonts/cm/cmcsc10.pfb></usr/share/tex
live/texmf-dist/fonts/type1/public/amsfonts/cm/cmmi10.pfb></usr/share/texlive/t
exmf-dist/fonts/type1/public/amsfonts/cm/cmmi7.pfb></usr/share/texlive/texmf-di
st/fonts/type1/public/amsfonts/cm/cmr10.pfb></usr/share/texlive/texmf-dist/font
s/type1/public/amsfonts/cm/cmr12.pfb></usr/share/texlive/texmf-dist/fonts/type1
/public/amsfonts/cm/cmr6.pfb></usr/share/texlive/texmf-dist/fonts/type1/public/
amsfonts/cm/cmr7.pfb></usr/share/texlive/texmf-dist/fonts/type1/public/amsfonts
/cm/cmr9.pfb></usr/share/texlive/texmf-dist/fonts/type1/public/amsfonts/cm/cmti
10.pfb></usr/share/texlive/texmf-dist/fonts/type1/public/amsfonts/cm/cmti12.pfb
></usr/share/texlive/texmf-dist/fonts/type1/public/amsfonts/cm/cmtt10.pfb></usr
/share/texlive/texmf-dist/fonts/type1/public/amsfonts/cm/cmtt8.pfb>
Output written on report.pdf (19 pages, 451637 bytes).
PDF statistics:
 133 PDF objects out of 1000 (max. 8388607)
 87 compressed objects within 1 object stream
 0 named destinations out of 1000 (max. 500000)
 36 words of extra memory for PDF output out of 10000 (max. 10000000)

